\BOOKMARK [0][-]{chapter.1}{}{}% 1
\BOOKMARK [0][-]{chapter.2}{\376\377\000I\000n\000f\000o\000r\000m\000a\000t\000i\000o\000n}{}% 2
\BOOKMARK [1][-]{section.2.1}{\376\377\000S\000u\000m\000m\000a\000r\000y}{chapter.2}% 3
\BOOKMARK [1][-]{section.2.2}{\376\377\000P\000r\000o\000c\000e\000d\000u\000r\000e}{chapter.2}% 4
\BOOKMARK [1][-]{section.2.3}{\376\377\000M\000e\000a\000s\000u\000r\000e\000s}{chapter.2}% 5
\BOOKMARK [0][-]{chapter.3}{\376\377\000W\000a\000v\000e\000\040\0001}{}% 6
\BOOKMARK [1][-]{section.3.1}{\376\377\000C\000h\000e\000c\000k\000l\000i\000s\000t\000s}{chapter.3}% 7
\BOOKMARK [1][-]{section.3.2}{\376\377\000P\000r\000o\000t\000o\000c\000o\000l\000s\000\040\000-\000\040\000P\000r\000e\000-\000S\000e\000s\000s\000i\000o\000n}{chapter.3}% 8
\BOOKMARK [1][-]{section.3.3}{\376\377\000P\000r\000o\000t\000o\000c\000o\000l\000s\000\040\000-\000\040\000P\000a\000r\000e\000n\000t}{chapter.3}% 9
\BOOKMARK [1][-]{section.3.4}{\376\377\000P\000r\000o\000t\000o\000c\000o\000l\000s\000\040\000-\000\040\000C\000h\000i\000l\000d\000/\000T\000e\000e\000n}{chapter.3}% 10
\BOOKMARK [1][-]{section.3.5}{\376\377\000P\000r\000o\000t\000o\000c\000o\000l\000s\000\040\000-\000\040\000P\000o\000s\000t\000-\000S\000e\000s\000s\000i\000o\000n}{chapter.3}% 11
\BOOKMARK [0][-]{chapter.4}{\376\377\000W\000a\000v\000e\000\040\0001\000\040\000O\000n\000l\000i\000n\000e}{}% 12
\BOOKMARK [1][-]{section.4.1}{\376\377\000C\000h\000e\000c\000k\000l\000i\000s\000t\000s\000\040\000O\000n\000l\000i\000n\000e}{chapter.4}% 13
\BOOKMARK [1][-]{section.4.2}{\376\377\000P\000r\000o\000t\000o\000c\000o\000l\000s\000\040\000-\000\040\000P\000r\000e\000-\000S\000e\000s\000s\000i\000o\000n\000\040\0001}{chapter.4}% 14
\BOOKMARK [1][-]{section.4.3}{\376\377\000P\000r\000o\000t\000o\000c\000o\000l\000s\000\040\000-\000\040\000S\000e\000s\000s\000i\000o\000n\000\040\0001}{chapter.4}% 15
\BOOKMARK [1][-]{section.4.4}{\376\377\000P\000r\000o\000t\000o\000c\000o\000l\000s\000\040\000-\000\040\000P\000o\000s\000t\000-\000S\000e\000s\000s\000i\000o\000n\000\040\0001}{chapter.4}% 16
\BOOKMARK [1][-]{section.4.5}{\376\377\000P\000r\000o\000t\000o\000c\000o\000l\000s\000\040\000-\000\040\000S\000e\000s\000s\000i\000o\000n\000\040\0002}{chapter.4}% 17
\BOOKMARK [1][-]{section.4.6}{\376\377\000P\000r\000o\000t\000o\000c\000o\000l\000s\000\040\000-\000\040\000P\000o\000s\000t\000-\000S\000e\000s\000s\000i\000o\000n\000\040\0002}{chapter.4}% 18
\BOOKMARK [1][-]{section.4.7}{\376\377\000P\000r\000o\000t\000o\000c\000o\000l\000s\000\040\000-\000\040\000F\000i\000n\000a\000l}{chapter.4}% 19
\BOOKMARK [0][-]{chapter.5}{\376\377\000W\000a\000v\000e\000\040\0001\000\040\000S\000O\000N\000A}{}% 20
\BOOKMARK [1][-]{section.5.1}{\376\377\000S\000u\000m\000m\000a\000r\000y\000\040\000-\000\040\000M\000B\000B\000\040\000S\000O\000N\000A}{chapter.5}% 21
\BOOKMARK [1][-]{section.5.2}{\376\377\000M\000e\000a\000s\000u\000r\000e\000s\000\040\000-\000\040\000M\000B\000B\000\040\000S\000O\000N\000A}{chapter.5}% 22
\BOOKMARK [1][-]{section.5.3}{\376\377\000H\000a\000l\000l\000o\000w\000e\000e\000n}{chapter.5}% 23
\BOOKMARK [0][-]{chapter.6}{\376\377\000W\000a\000v\000e\000\040\0002\000\040\000O\000n\000l\000i\000n\000e}{}% 24
\BOOKMARK [1][-]{section.6.1}{\376\377\000C\000h\000e\000c\000k\000l\000i\000s\000t\000s\000\040\000O\000n\000l\000i\000n\000e}{chapter.6}% 25
\BOOKMARK [1][-]{section.6.2}{\376\377\000P\000r\000o\000t\000o\000c\000o\000l\000s\000\040\000-\000\040\000P\000r\000e\000-\000S\000e\000s\000s\000i\000o\000n\000\040\0001}{chapter.6}% 26
\BOOKMARK [1][-]{section.6.3}{\376\377\000P\000r\000o\000t\000o\000c\000o\000l\000s\000\040\000-\000\040\000S\000e\000s\000s\000i\000o\000n\000\040\0001}{chapter.6}% 27
\BOOKMARK [1][-]{section.6.4}{\376\377\000P\000r\000o\000t\000o\000c\000o\000l\000s\000\040\000-\000\040\000P\000o\000s\000t\000-\000S\000e\000s\000s\000i\000o\000n\000\040\0001}{chapter.6}% 28
\BOOKMARK [1][-]{section.6.5}{\376\377\000P\000r\000o\000t\000o\000c\000o\000l\000s\000\040\000-\000\040\000S\000e\000s\000s\000i\000o\000n\000\040\0002}{chapter.6}% 29
\BOOKMARK [1][-]{section.6.6}{\376\377\000P\000r\000o\000t\000o\000c\000o\000l\000s\000\040\000-\000\040\000P\000o\000s\000t\000-\000S\000e\000s\000s\000i\000o\000n\000\040\0002}{chapter.6}% 30
\BOOKMARK [1][-]{section.6.7}{\376\377\000P\000r\000o\000t\000o\000c\000o\000l\000s\000\040\000-\000\040\000F\000i\000n\000a\000l}{chapter.6}% 31
