This is XeTeX, Version 3.141592653-2.6-0.999995 (TeX Live 2023) (preloaded format=xelatex 2023.6.23)  27 MAY 2025 13:02
entering extended mode
 restricted \write18 enabled.
 %&-line parsing enabled.
**Mind_Brain_Body.tex
(./Mind_Brain_Body.tex
LaTeX2e <2022-11-01> patch level 1
L3 programming layer <2023-02-22> (/usr/local/texlive/2023/texmf-dist/tex/latex
/base/book.cls
Document Class: book 2022/07/02 v1.4n Standard LaTeX document class
(/usr/local/texlive/2023/texmf-dist/tex/latex/base/bk10.clo
File: bk10.clo 2022/07/02 v1.4n Standard LaTeX file (size option)
)
\c@part=\count181
\c@chapter=\count182
\c@section=\count183
\c@subsection=\count184
\c@subsubsection=\count185
\c@paragraph=\count186
\c@subparagraph=\count187
\c@figure=\count188
\c@table=\count189
\abovecaptionskip=\skip48
\belowcaptionskip=\skip49
\bibindent=\dimen140
) (/usr/local/texlive/2023/texmf-dist/tex/latex/amsmath/amsmath.sty
Package: amsmath 2022/04/08 v2.17n AMS math features
\@mathmargin=\skip50
For additional information on amsmath, use the `?' option.
(/usr/local/texlive/2023/texmf-dist/tex/latex/amsmath/amstext.sty
Package: amstext 2021/08/26 v2.01 AMS text
(/usr/local/texlive/2023/texmf-dist/tex/latex/amsmath/amsgen.sty
File: amsgen.sty 1999/11/30 v2.0 generic functions
\@emptytoks=\toks16
\ex@=\dimen141
)) (/usr/local/texlive/2023/texmf-dist/tex/latex/amsmath/amsbsy.sty
Package: amsbsy 1999/11/29 v1.2d Bold Symbols
\pmbraise@=\dimen142
) (/usr/local/texlive/2023/texmf-dist/tex/latex/amsmath/amsopn.sty
Package: amsopn 2022/04/08 v2.04 operator names
)
\inf@bad=\count190
LaTeX Info: Redefining \frac on input line 234.
\uproot@=\count191
\leftroot@=\count192
LaTeX Info: Redefining \overline on input line 399.
LaTeX Info: Redefining \colon on input line 410.
\classnum@=\count193
\DOTSCASE@=\count194
LaTeX Info: Redefining \ldots on input line 496.
LaTeX Info: Redefining \dots on input line 499.
LaTeX Info: Redefining \cdots on input line 620.
\Mathstrutbox@=\box51
\strutbox@=\box52
LaTeX Info: Redefining \big on input line 722.
LaTeX Info: Redefining \Big on input line 723.
LaTeX Info: Redefining \bigg on input line 724.
LaTeX Info: Redefining \Bigg on input line 725.
\big@size=\dimen143
LaTeX Font Info:    Redeclaring font encoding OML on input line 743.
LaTeX Font Info:    Redeclaring font encoding OMS on input line 744.
\macc@depth=\count195
LaTeX Info: Redefining \bmod on input line 905.
LaTeX Info: Redefining \pmod on input line 910.
LaTeX Info: Redefining \smash on input line 940.
LaTeX Info: Redefining \relbar on input line 970.
LaTeX Info: Redefining \Relbar on input line 971.
\c@MaxMatrixCols=\count196
\dotsspace@=\muskip16
\c@parentequation=\count197
\dspbrk@lvl=\count198
\tag@help=\toks17
\row@=\count199
\column@=\count266
\maxfields@=\count267
\andhelp@=\toks18
\eqnshift@=\dimen144
\alignsep@=\dimen145
\tagshift@=\dimen146
\tagwidth@=\dimen147
\totwidth@=\dimen148
\lineht@=\dimen149
\@envbody=\toks19
\multlinegap=\skip51
\multlinetaggap=\skip52
\mathdisplay@stack=\toks20
LaTeX Info: Redefining \[ on input line 2953.
LaTeX Info: Redefining \] on input line 2954.
) (/usr/local/texlive/2023/texmf-dist/tex/latex/amsfonts/amssymb.sty
Package: amssymb 2013/01/14 v3.01 AMS font symbols
(/usr/local/texlive/2023/texmf-dist/tex/latex/amsfonts/amsfonts.sty
Package: amsfonts 2013/01/14 v3.01 Basic AMSFonts support
\symAMSa=\mathgroup4
\symAMSb=\mathgroup5
LaTeX Font Info:    Redeclaring math symbol \hbar on input line 98.
LaTeX Font Info:    Overwriting math alphabet `\mathfrak' in version `bold'
(Font)                  U/euf/m/n --> U/euf/b/n on input line 106.
)) (/usr/local/texlive/2023/texmf-dist/tex/latex/lm/lmodern.sty
Package: lmodern 2015/05/01 v1.6.1 Latin Modern Fonts
LaTeX Font Info:    Overwriting symbol font `operators' in version `normal'
(Font)                  OT1/cmr/m/n --> OT1/lmr/m/n on input line 22.
LaTeX Font Info:    Overwriting symbol font `letters' in version `normal'
(Font)                  OML/cmm/m/it --> OML/lmm/m/it on input line 23.
LaTeX Font Info:    Overwriting symbol font `symbols' in version `normal'
(Font)                  OMS/cmsy/m/n --> OMS/lmsy/m/n on input line 24.
LaTeX Font Info:    Overwriting symbol font `largesymbols' in version `normal'
(Font)                  OMX/cmex/m/n --> OMX/lmex/m/n on input line 25.
LaTeX Font Info:    Overwriting symbol font `operators' in version `bold'
(Font)                  OT1/cmr/bx/n --> OT1/lmr/bx/n on input line 26.
LaTeX Font Info:    Overwriting symbol font `letters' in version `bold'
(Font)                  OML/cmm/b/it --> OML/lmm/b/it on input line 27.
LaTeX Font Info:    Overwriting symbol font `symbols' in version `bold'
(Font)                  OMS/cmsy/b/n --> OMS/lmsy/b/n on input line 28.
LaTeX Font Info:    Overwriting symbol font `largesymbols' in version `bold'
(Font)                  OMX/cmex/m/n --> OMX/lmex/m/n on input line 29.
LaTeX Font Info:    Overwriting math alphabet `\mathbf' in version `normal'
(Font)                  OT1/cmr/bx/n --> OT1/lmr/bx/n on input line 31.
LaTeX Font Info:    Overwriting math alphabet `\mathsf' in version `normal'
(Font)                  OT1/cmss/m/n --> OT1/lmss/m/n on input line 32.
LaTeX Font Info:    Overwriting math alphabet `\mathit' in version `normal'
(Font)                  OT1/cmr/m/it --> OT1/lmr/m/it on input line 33.
LaTeX Font Info:    Overwriting math alphabet `\mathtt' in version `normal'
(Font)                  OT1/cmtt/m/n --> OT1/lmtt/m/n on input line 34.
LaTeX Font Info:    Overwriting math alphabet `\mathbf' in version `bold'
(Font)                  OT1/cmr/bx/n --> OT1/lmr/bx/n on input line 35.
LaTeX Font Info:    Overwriting math alphabet `\mathsf' in version `bold'
(Font)                  OT1/cmss/bx/n --> OT1/lmss/bx/n on input line 36.
LaTeX Font Info:    Overwriting math alphabet `\mathit' in version `bold'
(Font)                  OT1/cmr/bx/it --> OT1/lmr/bx/it on input line 37.
LaTeX Font Info:    Overwriting math alphabet `\mathtt' in version `bold'
(Font)                  OT1/cmtt/m/n --> OT1/lmtt/m/n on input line 38.
) (/usr/local/texlive/2023/texmf-dist/tex/generic/iftex/iftex.sty
Package: iftex 2022/02/03 v1.0f TeX engine tests
) (/usr/local/texlive/2023/texmf-dist/tex/latex/unicode-math/unicode-math.sty (
/usr/local/texlive/2023/texmf-dist/tex/latex/l3kernel/expl3.sty
Package: expl3 2023-02-22 L3 programming layer (loader) 
(/usr/local/texlive/2023/texmf-dist/tex/latex/l3backend/l3backend-xetex.def
File: l3backend-xetex.def 2023-01-16 L3 backend support: XeTeX
\g__graphics_track_int=\count268
\l__pdf_internal_box=\box53
\g__pdf_backend_object_int=\count269
\g__pdf_backend_annotation_int=\count270
\g__pdf_backend_link_int=\count271
))
Package: unicode-math 2020/01/31 v0.8q Unicode maths in XeLaTeX and LuaLaTeX

(/usr/local/texlive/2023/texmf-dist/tex/latex/unicode-math/unicode-math-xetex.s
ty
Package: unicode-math-xetex 2020/01/31 v0.8q Unicode maths in XeLaTeX and LuaLa
TeX
(/usr/local/texlive/2023/texmf-dist/tex/latex/l3packages/xparse/xparse.sty
Package: xparse 2023-02-02 L3 Experimental document command parser
) (/usr/local/texlive/2023/texmf-dist/tex/latex/l3packages/l3keys2e/l3keys2e.st
y
Package: l3keys2e 2023-02-02 LaTeX2e option processing using LaTeX3 keys
) (/usr/local/texlive/2023/texmf-dist/tex/latex/fontspec/fontspec.sty
Package: fontspec 2022/01/15 v2.8a Font selection for XeLaTeX and LuaLaTeX
(/usr/local/texlive/2023/texmf-dist/tex/latex/fontspec/fontspec-xetex.sty
Package: fontspec-xetex 2022/01/15 v2.8a Font selection for XeLaTeX and LuaLaTe
X
\l__fontspec_script_int=\count272
\l__fontspec_language_int=\count273
\l__fontspec_strnum_int=\count274
\l__fontspec_tmp_int=\count275
\l__fontspec_tmpa_int=\count276
\l__fontspec_tmpb_int=\count277
\l__fontspec_tmpc_int=\count278
\l__fontspec_em_int=\count279
\l__fontspec_emdef_int=\count280
\l__fontspec_strong_int=\count281
\l__fontspec_strongdef_int=\count282
\l__fontspec_tmpa_dim=\dimen150
\l__fontspec_tmpb_dim=\dimen151
\l__fontspec_tmpc_dim=\dimen152
(/usr/local/texlive/2023/texmf-dist/tex/latex/base/fontenc.sty
Package: fontenc 2021/04/29 v2.0v Standard LaTeX package
) (/usr/local/texlive/2023/texmf-dist/tex/latex/fontspec/fontspec.cfg))) (/usr/
local/texlive/2023/texmf-dist/tex/latex/base/fix-cm.sty
Package: fix-cm 2020/11/24 v1.1t fixes to LaTeX
(/usr/local/texlive/2023/texmf-dist/tex/latex/base/ts1enc.def
File: ts1enc.def 2001/06/05 v3.0e (jk/car/fm) Standard LaTeX file
LaTeX Font Info:    Redeclaring font encoding TS1 on input line 47.
))
\g__um_fam_int=\count283
\g__um_fonts_used_int=\count284
\l__um_primecount_int=\count285
\g__um_primekern_muskip=\muskip17

(/usr/local/texlive/2023/texmf-dist/tex/latex/unicode-math/unicode-math-table.t
ex))) (/usr/local/texlive/2023/texmf-dist/tex/latex/upquote/upquote.sty
Package: upquote 2012/04/19 v1.3 upright-quote and grave-accent glyphs in verba
tim
(/usr/local/texlive/2023/texmf-dist/tex/latex/base/textcomp.sty
Package: textcomp 2020/02/02 v2.0n Standard LaTeX package
)) (/usr/local/texlive/2023/texmf-dist/tex/latex/microtype/microtype.sty
Package: microtype 2023/03/13 v3.1a Micro-typographical refinements (RS)
(/usr/local/texlive/2023/texmf-dist/tex/latex/graphics/keyval.sty
Package: keyval 2022/05/29 v1.15 key=value parser (DPC)
\KV@toks@=\toks21
) (/usr/local/texlive/2023/texmf-dist/tex/latex/etoolbox/etoolbox.sty
Package: etoolbox 2020/10/05 v2.5k e-TeX tools for LaTeX (JAW)
\etb@tempcnta=\count286
)
\MT@toks=\toks22
\MT@tempbox=\box54
\MT@count=\count287
LaTeX Info: Redefining \noprotrusionifhmode on input line 1059.
LaTeX Info: Redefining \leftprotrusion on input line 1060.
\MT@prot@toks=\toks23
LaTeX Info: Redefining \rightprotrusion on input line 1078.
LaTeX Info: Redefining \textls on input line 1368.
\MT@outer@kern=\dimen153
LaTeX Info: Redefining \textmicrotypecontext on input line 1988.
\MT@listname@count=\count288
(/usr/local/texlive/2023/texmf-dist/tex/latex/microtype/microtype-xetex.def
File: microtype-xetex.def 2023/03/13 v3.1a Definitions specific to xetex (RS)
LaTeX Info: Redefining \lsstyle on input line 238.
)
Package microtype Info: Loading configuration file microtype.cfg.
(/usr/local/texlive/2023/texmf-dist/tex/latex/microtype/microtype.cfg
File: microtype.cfg 2023/03/13 v3.1a microtype main configuration file (RS)
)) (/usr/local/texlive/2023/texmf-dist/tex/latex/parskip/parskip.sty
Package: parskip 2021-03-14 v2.0h non-zero parskip adjustments
(/usr/local/texlive/2023/texmf-dist/tex/latex/kvoptions/kvoptions.sty
Package: kvoptions 2022-06-15 v3.15 Key value format for package options (HO)
(/usr/local/texlive/2023/texmf-dist/tex/generic/ltxcmds/ltxcmds.sty
Package: ltxcmds 2020-05-10 v1.25 LaTeX kernel commands for general use (HO)
) (/usr/local/texlive/2023/texmf-dist/tex/latex/kvsetkeys/kvsetkeys.sty
Package: kvsetkeys 2022-10-05 v1.19 Key value parser (HO)
))) (/usr/local/texlive/2023/texmf-dist/tex/latex/xcolor/xcolor.sty
Package: xcolor 2022/06/12 v2.14 LaTeX color extensions (UK)
(/usr/local/texlive/2023/texmf-dist/tex/latex/graphics-cfg/color.cfg
File: color.cfg 2016/01/02 v1.6 sample color configuration
)
Package xcolor Info: Driver file: xetex.def on input line 227.
(/usr/local/texlive/2023/texmf-dist/tex/latex/graphics-def/xetex.def
File: xetex.def 2022/09/22 v5.0n Graphics/color driver for xetex
) (/usr/local/texlive/2023/texmf-dist/tex/latex/graphics/mathcolor.ltx)
Package xcolor Info: Model `cmy' substituted by `cmy0' on input line 1353.
Package xcolor Info: Model `RGB' extended on input line 1369.
Package xcolor Info: Model `HTML' substituted by `rgb' on input line 1371.
Package xcolor Info: Model `Hsb' substituted by `hsb' on input line 1372.
Package xcolor Info: Model `tHsb' substituted by `hsb' on input line 1373.
Package xcolor Info: Model `HSB' substituted by `hsb' on input line 1374.
Package xcolor Info: Model `Gray' substituted by `gray' on input line 1375.
Package xcolor Info: Model `wave' substituted by `hsb' on input line 1376.
) (/usr/local/texlive/2023/texmf-dist/tex/latex/tools/longtable.sty
Package: longtable 2021-09-01 v4.17 Multi-page Table package (DPC)
\LTleft=\skip53
\LTright=\skip54
\LTpre=\skip55
\LTpost=\skip56
\LTchunksize=\count289
\LTcapwidth=\dimen154
\LT@head=\box55
\LT@firsthead=\box56
\LT@foot=\box57
\LT@lastfoot=\box58
\LT@gbox=\box59
\LT@cols=\count290
\LT@rows=\count291
\c@LT@tables=\count292
\c@LT@chunks=\count293
\LT@p@ftn=\toks24
) (/usr/local/texlive/2023/texmf-dist/tex/latex/booktabs/booktabs.sty
Package: booktabs 2020/01/12 v1.61803398 Publication quality tables
\heavyrulewidth=\dimen155
\lightrulewidth=\dimen156
\cmidrulewidth=\dimen157
\belowrulesep=\dimen158
\belowbottomsep=\dimen159
\aboverulesep=\dimen160
\abovetopsep=\dimen161
\cmidrulesep=\dimen162
\cmidrulekern=\dimen163
\defaultaddspace=\dimen164
\@cmidla=\count294
\@cmidlb=\count295
\@aboverulesep=\dimen165
\@belowrulesep=\dimen166
\@thisruleclass=\count296
\@lastruleclass=\count297
\@thisrulewidth=\dimen167
) (/usr/local/texlive/2023/texmf-dist/tex/latex/tools/array.sty
Package: array 2022/09/04 v2.5g Tabular extension package (FMi)
\col@sep=\dimen168
\ar@mcellbox=\box60
\extrarowheight=\dimen169
\NC@list=\toks25
\extratabsurround=\skip57
\backup@length=\skip58
\ar@cellbox=\box61
) (/usr/local/texlive/2023/texmf-dist/tex/latex/tools/calc.sty
Package: calc 2017/05/25 v4.3 Infix arithmetic (KKT,FJ)
\calc@Acount=\count298
\calc@Bcount=\count299
\calc@Adimen=\dimen170
\calc@Bdimen=\dimen171
\calc@Askip=\skip59
\calc@Bskip=\skip60
LaTeX Info: Redefining \setlength on input line 80.
LaTeX Info: Redefining \addtolength on input line 81.
\calc@Ccount=\count300
\calc@Cskip=\skip61
) (/usr/local/texlive/2023/texmf-dist/tex/latex/footnotehyper/footnotehyper.sty
Package: footnotehyper 2021/08/13 v1.1e hyperref aware footnote.sty (JFB)
\FNH@notes=\box62
\FNH@width=\dimen172
\FNH@toks=\toks26
) (/usr/local/texlive/2023/texmf-dist/tex/latex/graphics/graphicx.sty
Package: graphicx 2021/09/16 v1.2d Enhanced LaTeX Graphics (DPC,SPQR)
(/usr/local/texlive/2023/texmf-dist/tex/latex/graphics/graphics.sty
Package: graphics 2022/03/10 v1.4e Standard LaTeX Graphics (DPC,SPQR)
(/usr/local/texlive/2023/texmf-dist/tex/latex/graphics/trig.sty
Package: trig 2021/08/11 v1.11 sin cos tan (DPC)
) (/usr/local/texlive/2023/texmf-dist/tex/latex/graphics-cfg/graphics.cfg
File: graphics.cfg 2016/06/04 v1.11 sample graphics configuration
)
Package graphics Info: Driver file: xetex.def on input line 107.
)
\Gin@req@height=\dimen173
\Gin@req@width=\dimen174
) (/usr/local/texlive/2023/texmf-dist/tex/latex/amscls/amsthm.sty
Package: amsthm 2020/05/29 v2.20.6
\thm@style=\toks27
\thm@bodyfont=\toks28
\thm@headfont=\toks29
\thm@notefont=\toks30
\thm@headpunct=\toks31
\thm@preskip=\skip62
\thm@postskip=\skip63
\thm@headsep=\skip64
\dth@everypar=\toks32
) (/usr/local/texlive/2023/texmf-dist/tex/latex/natbib/natbib.sty
Package: natbib 2010/09/13 8.31b (PWD, AO)
\bibhang=\skip65
\bibsep=\skip66
LaTeX Info: Redefining \cite on input line 694.
\c@NAT@ctr=\count301
)
\citation{*}
(/usr/local/texlive/2023/texmf-dist/tex/latex/bookmark/bookmark.sty
Package: bookmark 2020-11-06 v1.29 PDF bookmarks (HO)
(/usr/local/texlive/2023/texmf-dist/tex/latex/hyperref/hyperref.sty
Package: hyperref 2023-02-07 v7.00v Hypertext links for LaTeX
(/usr/local/texlive/2023/texmf-dist/tex/generic/pdftexcmds/pdftexcmds.sty
Package: pdftexcmds 2020-06-27 v0.33 Utility functions of pdfTeX for LuaTeX (HO
)
(/usr/local/texlive/2023/texmf-dist/tex/generic/infwarerr/infwarerr.sty
Package: infwarerr 2019/12/03 v1.5 Providing info/warning/error messages (HO)
)
Package pdftexcmds Info: \pdf@primitive is available.
Package pdftexcmds Info: \pdf@ifprimitive is available.
Package pdftexcmds Info: \pdfdraftmode not found.
) (/usr/local/texlive/2023/texmf-dist/tex/generic/kvdefinekeys/kvdefinekeys.sty
Package: kvdefinekeys 2019-12-19 v1.6 Define keys (HO)
) (/usr/local/texlive/2023/texmf-dist/tex/generic/pdfescape/pdfescape.sty
Package: pdfescape 2019/12/09 v1.15 Implements pdfTeX's escape features (HO)
) (/usr/local/texlive/2023/texmf-dist/tex/latex/hycolor/hycolor.sty
Package: hycolor 2020-01-27 v1.10 Color options for hyperref/bookmark (HO)
) (/usr/local/texlive/2023/texmf-dist/tex/latex/letltxmacro/letltxmacro.sty
Package: letltxmacro 2019/12/03 v1.6 Let assignment for LaTeX macros (HO)
) (/usr/local/texlive/2023/texmf-dist/tex/latex/auxhook/auxhook.sty
Package: auxhook 2019-12-17 v1.6 Hooks for auxiliary files (HO)
) (/usr/local/texlive/2023/texmf-dist/tex/latex/hyperref/nameref.sty
Package: nameref 2022-05-17 v2.50 Cross-referencing by name of section
(/usr/local/texlive/2023/texmf-dist/tex/latex/refcount/refcount.sty
Package: refcount 2019/12/15 v3.6 Data extraction from label references (HO)
)
(/usr/local/texlive/2023/texmf-dist/tex/generic/gettitlestring/gettitlestring.s
ty
Package: gettitlestring 2019/12/15 v1.6 Cleanup title references (HO)
)
\c@section@level=\count302
)
\@linkdim=\dimen175
\Hy@linkcounter=\count303
\Hy@pagecounter=\count304
(/usr/local/texlive/2023/texmf-dist/tex/latex/hyperref/pd1enc.def
File: pd1enc.def 2023-02-07 v7.00v Hyperref: PDFDocEncoding definition (HO)
) (/usr/local/texlive/2023/texmf-dist/tex/generic/intcalc/intcalc.sty
Package: intcalc 2019/12/15 v1.3 Expandable calculations with integers (HO)
) (/usr/local/texlive/2023/texmf-dist/tex/generic/etexcmds/etexcmds.sty
Package: etexcmds 2019/12/15 v1.7 Avoid name clashes with e-TeX commands (HO)
)
\Hy@SavedSpaceFactor=\count305
(/usr/local/texlive/2023/texmf-dist/tex/latex/hyperref/puenc.def
File: puenc.def 2023-02-07 v7.00v Hyperref: PDF Unicode definition (HO)
)
Package hyperref Info: Option `unicode' set `true' on input line 4060.
Package hyperref Info: Hyper figures OFF on input line 4177.
Package hyperref Info: Link nesting OFF on input line 4182.
Package hyperref Info: Hyper index ON on input line 4185.
Package hyperref Info: Plain pages OFF on input line 4192.
Package hyperref Info: Backreferencing OFF on input line 4197.
Package hyperref Info: Implicit mode ON; LaTeX internals redefined.
Package hyperref Info: Bookmarks ON on input line 4425.
\c@Hy@tempcnt=\count306
(/usr/local/texlive/2023/texmf-dist/tex/latex/url/url.sty
\Urlmuskip=\muskip18
Package: url 2013/09/16  ver 3.4  Verb mode for urls, etc.
)
LaTeX Info: Redefining \url on input line 4763.
\XeTeXLinkMargin=\dimen176
(/usr/local/texlive/2023/texmf-dist/tex/generic/bitset/bitset.sty
Package: bitset 2019/12/09 v1.3 Handle bit-vector datatype (HO)
(/usr/local/texlive/2023/texmf-dist/tex/generic/bigintcalc/bigintcalc.sty
Package: bigintcalc 2019/12/15 v1.5 Expandable calculations on big integers (HO
)
))
\Fld@menulength=\count307
\Field@Width=\dimen177
\Fld@charsize=\dimen178
Package hyperref Info: Hyper figures OFF on input line 6042.
Package hyperref Info: Link nesting OFF on input line 6047.
Package hyperref Info: Hyper index ON on input line 6050.
Package hyperref Info: backreferencing OFF on input line 6057.
Package hyperref Info: Link coloring OFF on input line 6062.
Package hyperref Info: Link coloring with OCG OFF on input line 6067.
Package hyperref Info: PDF/A mode OFF on input line 6072.
(/usr/local/texlive/2023/texmf-dist/tex/latex/base/atbegshi-ltx.sty
Package: atbegshi-ltx 2021/01/10 v1.0c Emulation of the original atbegshi
package with kernel methods
)
\Hy@abspage=\count308
\c@Item=\count309
\c@Hfootnote=\count310
)
Package hyperref Info: Driver (autodetected): hxetex.
(/usr/local/texlive/2023/texmf-dist/tex/latex/hyperref/hxetex.def
File: hxetex.def 2023-02-07 v7.00v Hyperref driver for XeTeX
(/usr/local/texlive/2023/texmf-dist/tex/generic/stringenc/stringenc.sty
Package: stringenc 2019/11/29 v1.12 Convert strings between diff. encodings (HO
)
)
\pdfm@box=\box63
\c@Hy@AnnotLevel=\count311
\HyField@AnnotCount=\count312
\Fld@listcount=\count313
\c@bookmark@seq@number=\count314

(/usr/local/texlive/2023/texmf-dist/tex/latex/rerunfilecheck/rerunfilecheck.sty
Package: rerunfilecheck 2022-07-10 v1.10 Rerun checks for auxiliary files (HO)
(/usr/local/texlive/2023/texmf-dist/tex/latex/base/atveryend-ltx.sty
Package: atveryend-ltx 2020/08/19 v1.0a Emulation of the original atveryend pac
kage
with kernel methods
)
(/usr/local/texlive/2023/texmf-dist/tex/generic/uniquecounter/uniquecounter.sty
Package: uniquecounter 2019/12/15 v1.4 Provide unlimited unique counter (HO)
)
Package uniquecounter Info: New unique counter `rerunfilecheck' on input line 2
85.
)
\Hy@SectionHShift=\skip67
) (/usr/local/texlive/2023/texmf-dist/tex/latex/bookmark/bkm-dvipdfm.def
File: bkm-dvipdfm.def 2020-11-06 v1.29 bookmark driver for dvipdfm (HO)
\BKM@id=\count315
)) (/usr/local/texlive/2023/texmf-dist/tex/latex/xurl/xurl.sty
Package: xurl 2022/01/09 v 0.10 modify URL breaks
) (./Mind_Brain_Body.aux)
\openout1 = `Mind_Brain_Body.aux'.

LaTeX Font Info:    Checking defaults for OML/cmm/m/it on input line 90.
LaTeX Font Info:    ... okay on input line 90.
LaTeX Font Info:    Checking defaults for OMS/cmsy/m/n on input line 90.
LaTeX Font Info:    ... okay on input line 90.
LaTeX Font Info:    Checking defaults for OT1/cmr/m/n on input line 90.
LaTeX Font Info:    ... okay on input line 90.
LaTeX Font Info:    Checking defaults for T1/cmr/m/n on input line 90.
LaTeX Font Info:    ... okay on input line 90.
LaTeX Font Info:    Checking defaults for TS1/cmr/m/n on input line 90.
LaTeX Font Info:    ... okay on input line 90.
LaTeX Font Info:    Checking defaults for TU/lmr/m/n on input line 90.
LaTeX Font Info:    ... okay on input line 90.
LaTeX Font Info:    Checking defaults for OMX/cmex/m/n on input line 90.
LaTeX Font Info:    ... okay on input line 90.
LaTeX Font Info:    Checking defaults for U/cmr/m/n on input line 90.
LaTeX Font Info:    ... okay on input line 90.
LaTeX Font Info:    Checking defaults for PD1/pdf/m/n on input line 90.
LaTeX Font Info:    ... okay on input line 90.
LaTeX Font Info:    Checking defaults for PU/pdf/m/n on input line 90.
LaTeX Font Info:    ... okay on input line 90.
LaTeX Font Info:    Overwriting math alphabet `\mathrm' in version `normal'
(Font)                  OT1/lmr/m/n --> TU/lmr/m/n on input line 90.
LaTeX Font Info:    Overwriting math alphabet `\mathit' in version `normal'
(Font)                  OT1/lmr/m/it --> TU/lmr/m/it on input line 90.
LaTeX Font Info:    Overwriting math alphabet `\mathbf' in version `normal'
(Font)                  OT1/lmr/bx/n --> TU/lmr/bx/n on input line 90.
LaTeX Font Info:    Overwriting math alphabet `\mathsf' in version `normal'
(Font)                  OT1/lmss/m/n --> TU/lmss/m/n on input line 90.
LaTeX Font Info:    Overwriting math alphabet `\mathsf' in version `bold'
(Font)                  OT1/lmss/bx/n --> TU/lmss/bx/n on input line 90.
LaTeX Font Info:    Overwriting math alphabet `\mathtt' in version `normal'
(Font)                  OT1/lmtt/m/n --> TU/lmtt/m/n on input line 90.
LaTeX Font Info:    Overwriting math alphabet `\mathtt' in version `bold'
(Font)                  OT1/lmtt/m/n --> TU/lmtt/bx/n on input line 90.

Package fontspec Info: latinmodern-math scale = 0.9999964596882403.


Package fontspec Info: latinmodern-math scale = 0.9999964596882403.


Package fontspec Info: latinmodern-math scale = 0.9999964596882403.


Package fontspec Info: Font family 'latinmodern-math.otf(0)' created for font
(fontspec)             'latinmodern-math.otf' with options
(fontspec)             [Scale=MatchLowercase,BoldItalicFont={},ItalicFont={},Sm
allCapsFont={},Script=Math,BoldFont={latinmodern-math.otf}].
(fontspec)              
(fontspec)              This font family consists of the following NFSS
(fontspec)             series/shapes:
(fontspec)              
(fontspec)             - 'normal' (m/n) with NFSS spec.:
(fontspec)             <->s*[0.9999964596882403]"[latinmodern-math.otf]/OT:scri
pt=math;language=dflt;"
(fontspec)             - 'small caps'  (m/sc) with NFSS spec.: 
(fontspec)             - 'bold' (b/n) with NFSS spec.:
(fontspec)             <->s*[0.9999964596882403]"[latinmodern-math.otf]/OT:scri
pt=math;language=dflt;"
(fontspec)             - 'bold small caps'  (b/sc) with NFSS spec.: 

LaTeX Font Info:    Font shape `TU/latinmodern-math.otf(0)/m/n' will be
(Font)              scaled to size 10.0pt on input line 90.

Package fontspec Info: latinmodern-math scale = 0.9999964596882403.


Package fontspec Info: latinmodern-math scale = 0.9999964596882403.


Package fontspec Info: latinmodern-math scale = 0.9999964596882403.


Package fontspec Info: latinmodern-math scale = 0.9999964596882403.


Package fontspec Info: latinmodern-math scale = 0.9999964596882403.


Package fontspec Info: Font family 'latinmodern-math.otf(1)' created for font
(fontspec)             'latinmodern-math.otf' with options
(fontspec)             [Scale=MatchLowercase,BoldItalicFont={},ItalicFont={},Sm
allCapsFont={},Script=Math,SizeFeatures={{Size=8.5-},{Size=6-8.5,Font=latinmode
rn-math.otf,Style=MathScript},{Size=-6,Font=latinmodern-math.otf,Style=MathScri
ptScript}},BoldFont={latinmodern-math.otf}].
(fontspec)              
(fontspec)              This font family consists of the following NFSS
(fontspec)             series/shapes:
(fontspec)              
(fontspec)             - 'normal' (m/n) with NFSS spec.:
(fontspec)             <8.5->s*[0.9999964596882403]"[latinmodern-math.otf]/OT:s
cript=math;language=dflt;"<6-8.5>s*[0.9999964596882403]"[latinmodern-math.otf]/
OT:script=math;language=dflt;+ssty=0;"<-6>s*[0.9999964596882403]"[latinmodern-m
ath.otf]/OT:script=math;language=dflt;+ssty=1;"
(fontspec)             - 'small caps'  (m/sc) with NFSS spec.: 
(fontspec)             - 'bold' (b/n) with NFSS spec.:
(fontspec)             <->s*[0.9999964596882403]"[latinmodern-math.otf]/OT:scri
pt=math;language=dflt;"
(fontspec)             - 'bold small caps'  (b/sc) with NFSS spec.: 

LaTeX Font Info:    Font shape `TU/latinmodern-math.otf(1)/m/n' will be
(Font)              scaled to size 10.0pt on input line 90.
LaTeX Font Info:    Encoding `OT1' has changed to `TU' for symbol font
(Font)              `operators' in the math version `normal' on input line 90.
LaTeX Font Info:    Overwriting symbol font `operators' in version `normal'
(Font)                  OT1/lmr/m/n --> TU/latinmodern-math.otf(1)/m/n on input
 line 90.
LaTeX Font Info:    Encoding `OT1' has changed to `TU' for symbol font
(Font)              `operators' in the math version `bold' on input line 90.
LaTeX Font Info:    Overwriting symbol font `operators' in version `bold'
(Font)                  OT1/lmr/bx/n --> TU/latinmodern-math.otf(1)/b/n on inpu
t line 90.

Package fontspec Info: latinmodern-math scale = 0.9999964596882403.


Package fontspec Info: latinmodern-math scale = 1.000096459334209.


Package fontspec Info: latinmodern-math scale = 0.9999964596882403.


Package fontspec Info: latinmodern-math scale = 1.000096459334209.


Package fontspec Info: latinmodern-math scale = 0.9999964596882403.


Package fontspec Info: latinmodern-math scale = 1.000096459334209.


Package fontspec Info: latinmodern-math scale = 0.9999964596882403.


Package fontspec Info: latinmodern-math scale = 1.000096459334209.


Package fontspec Info: latinmodern-math scale = 0.9999964596882403.


Package fontspec Info: latinmodern-math scale = 1.000096459334209.


Package fontspec Info: Font family 'latinmodern-math.otf(2)' created for font
(fontspec)             'latinmodern-math.otf' with options
(fontspec)             [Scale=MatchLowercase,BoldItalicFont={},ItalicFont={},Sm
allCapsFont={},Script=Math,SizeFeatures={{Size=8.5-},{Size=6-8.5,Font=latinmode
rn-math.otf,Style=MathScript},{Size=-6,Font=latinmodern-math.otf,Style=MathScri
ptScript}},BoldFont={latinmodern-math.otf},ScaleAgain=1.0001,FontAdjustment={\f
ontdimen
(fontspec)             8\font =6.77pt\relax \fontdimen 9\font =3.94pt\relax
(fontspec)             \fontdimen 10\font =4.44pt\relax \fontdimen 11\font
(fontspec)             =6.86pt\relax \fontdimen 12\font =3.45pt\relax
(fontspec)             \fontdimen 13\font =3.63pt\relax \fontdimen 14\font
(fontspec)             =3.63pt\relax \fontdimen 15\font =2.89pt\relax
(fontspec)             \fontdimen 16\font =2.47pt\relax \fontdimen 17\font
(fontspec)             =2.47pt\relax \fontdimen 18\font =2.5pt\relax
(fontspec)             \fontdimen 19\font =2.0pt\relax \fontdimen 22\font
(fontspec)             =2.5pt\relax \fontdimen 20\font =0pt\relax \fontdimen
(fontspec)             21\font =0pt\relax }].
(fontspec)              
(fontspec)              This font family consists of the following NFSS
(fontspec)             series/shapes:
(fontspec)              
(fontspec)             - 'normal' (m/n) with NFSS spec.:
(fontspec)             <8.5->s*[1.000096459334209]"[latinmodern-math.otf]/OT:sc
ript=math;language=dflt;"<6-8.5>s*[1.000096459334209]"[latinmodern-math.otf]/OT
:script=math;language=dflt;+ssty=0;"<-6>s*[1.000096459334209]"[latinmodern-math
.otf]/OT:script=math;language=dflt;+ssty=1;"
(fontspec)             - 'small caps'  (m/sc) with NFSS spec.: 
(fontspec)             and font adjustment code:
(fontspec)             \fontdimen 8\font =6.77pt\relax \fontdimen 9\font
(fontspec)             =3.94pt\relax \fontdimen 10\font =4.44pt\relax
(fontspec)             \fontdimen 11\font =6.86pt\relax \fontdimen 12\font
(fontspec)             =3.45pt\relax \fontdimen 13\font =3.63pt\relax
(fontspec)             \fontdimen 14\font =3.63pt\relax \fontdimen 15\font
(fontspec)             =2.89pt\relax \fontdimen 16\font =2.47pt\relax
(fontspec)             \fontdimen 17\font =2.47pt\relax \fontdimen 18\font
(fontspec)             =2.5pt\relax \fontdimen 19\font =2.0pt\relax \fontdimen
(fontspec)             22\font =2.5pt\relax \fontdimen 20\font =0pt\relax
(fontspec)             \fontdimen 21\font =0pt\relax 
(fontspec)             - 'bold' (b/n) with NFSS spec.:
(fontspec)             <->s*[1.000096459334209]"[latinmodern-math.otf]/OT:scrip
t=math;language=dflt;"
(fontspec)             - 'bold small caps'  (b/sc) with NFSS spec.: 
(fontspec)             and font adjustment code:
(fontspec)             \fontdimen 8\font =6.77pt\relax \fontdimen 9\font
(fontspec)             =3.94pt\relax \fontdimen 10\font =4.44pt\relax
(fontspec)             \fontdimen 11\font =6.86pt\relax \fontdimen 12\font
(fontspec)             =3.45pt\relax \fontdimen 13\font =3.63pt\relax
(fontspec)             \fontdimen 14\font =3.63pt\relax \fontdimen 15\font
(fontspec)             =2.89pt\relax \fontdimen 16\font =2.47pt\relax
(fontspec)             \fontdimen 17\font =2.47pt\relax \fontdimen 18\font
(fontspec)             =2.5pt\relax \fontdimen 19\font =2.0pt\relax \fontdimen
(fontspec)             22\font =2.5pt\relax \fontdimen 20\font =0pt\relax
(fontspec)             \fontdimen 21\font =0pt\relax 

LaTeX Font Info:    Encoding `OMS' has changed to `TU' for symbol font
(Font)              `symbols' in the math version `normal' on input line 90.
LaTeX Font Info:    Overwriting symbol font `symbols' in version `normal'
(Font)                  OMS/lmsy/m/n --> TU/latinmodern-math.otf(2)/m/n on inpu
t line 90.
LaTeX Font Info:    Encoding `OMS' has changed to `TU' for symbol font
(Font)              `symbols' in the math version `bold' on input line 90.
LaTeX Font Info:    Overwriting symbol font `symbols' in version `bold'
(Font)                  OMS/lmsy/b/n --> TU/latinmodern-math.otf(2)/b/n on inpu
t line 90.

Package fontspec Info: latinmodern-math scale = 0.9999964596882403.


Package fontspec Info: latinmodern-math scale = 0.9998964600422715.


Package fontspec Info: latinmodern-math scale = 0.9999964596882403.


Package fontspec Info: latinmodern-math scale = 0.9998964600422715.


Package fontspec Info: latinmodern-math scale = 0.9999964596882403.


Package fontspec Info: latinmodern-math scale = 0.9998964600422715.


Package fontspec Info: latinmodern-math scale = 0.9999964596882403.


Package fontspec Info: latinmodern-math scale = 0.9998964600422715.


Package fontspec Info: latinmodern-math scale = 0.9999964596882403.


Package fontspec Info: latinmodern-math scale = 0.9998964600422715.


Package fontspec Info: Font family 'latinmodern-math.otf(3)' created for font
(fontspec)             'latinmodern-math.otf' with options
(fontspec)             [Scale=MatchLowercase,BoldItalicFont={},ItalicFont={},Sm
allCapsFont={},Script=Math,SizeFeatures={{Size=8.5-},{Size=6-8.5,Font=latinmode
rn-math.otf,Style=MathScript},{Size=-6,Font=latinmodern-math.otf,Style=MathScri
ptScript}},BoldFont={latinmodern-math.otf},ScaleAgain=0.9999,FontAdjustment={\f
ontdimen
(fontspec)             8\font =0.4pt\relax \fontdimen 9\font =2.0pt\relax
(fontspec)             \fontdimen 10\font =1.67pt\relax \fontdimen 11\font
(fontspec)             =1.11pt\relax \fontdimen 12\font =6.0pt\relax
(fontspec)             \fontdimen 13\font =0pt\relax }].
(fontspec)              
(fontspec)              This font family consists of the following NFSS
(fontspec)             series/shapes:
(fontspec)              
(fontspec)             - 'normal' (m/n) with NFSS spec.:
(fontspec)             <8.5->s*[0.9998964600422715]"[latinmodern-math.otf]/OT:s
cript=math;language=dflt;"<6-8.5>s*[0.9998964600422715]"[latinmodern-math.otf]/
OT:script=math;language=dflt;+ssty=0;"<-6>s*[0.9998964600422715]"[latinmodern-m
ath.otf]/OT:script=math;language=dflt;+ssty=1;"
(fontspec)             - 'small caps'  (m/sc) with NFSS spec.: 
(fontspec)             and font adjustment code:
(fontspec)             \fontdimen 8\font =0.4pt\relax \fontdimen 9\font
(fontspec)             =2.0pt\relax \fontdimen 10\font =1.67pt\relax
(fontspec)             \fontdimen 11\font =1.11pt\relax \fontdimen 12\font
(fontspec)             =6.0pt\relax \fontdimen 13\font =0pt\relax 
(fontspec)             - 'bold' (b/n) with NFSS spec.:
(fontspec)             <->s*[0.9998964600422715]"[latinmodern-math.otf]/OT:scri
pt=math;language=dflt;"
(fontspec)             - 'bold small caps'  (b/sc) with NFSS spec.: 
(fontspec)             and font adjustment code:
(fontspec)             \fontdimen 8\font =0.4pt\relax \fontdimen 9\font
(fontspec)             =2.0pt\relax \fontdimen 10\font =1.67pt\relax
(fontspec)             \fontdimen 11\font =1.11pt\relax \fontdimen 12\font
(fontspec)             =6.0pt\relax \fontdimen 13\font =0pt\relax 

LaTeX Font Info:    Encoding `OMX' has changed to `TU' for symbol font
(Font)              `largesymbols' in the math version `normal' on input line 9
0.
LaTeX Font Info:    Overwriting symbol font `largesymbols' in version `normal'
(Font)                  OMX/lmex/m/n --> TU/latinmodern-math.otf(3)/m/n on inpu
t line 90.
LaTeX Font Info:    Encoding `OMX' has changed to `TU' for symbol font
(Font)              `largesymbols' in the math version `bold' on input line 90.

LaTeX Font Info:    Overwriting symbol font `largesymbols' in version `bold'
(Font)                  OMX/lmex/m/n --> TU/latinmodern-math.otf(3)/b/n on inpu
t line 90.
LaTeX Info: Redefining \microtypecontext on input line 90.
Package microtype Info: Applying patch `item' on input line 90.
Package microtype Info: Applying patch `toc' on input line 90.
Package microtype Info: Applying patch `eqnum' on input line 90.
Package microtype Info: Applying patch `footnote' on input line 90.
Package microtype Info: Applying patch `verbatim' on input line 90.
Package microtype Info: Character protrusion enabled (level 2).
Package microtype Info: Using protrusion set `basicmath'.
Package microtype Info: No adjustment of tracking.
Package microtype Info: No adjustment of spacing.
Package microtype Info: No adjustment of kerning.

(/usr/local/texlive/2023/texmf-dist/tex/latex/microtype/mt-LatinModernRoman.cfg
File: mt-LatinModernRoman.cfg 2021/02/21 v1.1 microtype config. file: Latin Mod
ern Roman (RS)
)
Package hyperref Info: Link coloring OFF on input line 90.
LaTeX Font Info:    Font shape `TU/latinmodern-math.otf(1)/m/n' will be
(Font)              scaled to size 12.0pt on input line 92.
LaTeX Font Info:    Font shape `TU/latinmodern-math.otf(1)/m/n' will be
(Font)              scaled to size 8.0pt on input line 92.
LaTeX Font Info:    Font shape `TU/latinmodern-math.otf(1)/m/n' will be
(Font)              scaled to size 6.0pt on input line 92.
LaTeX Font Info:    Trying to load font information for OML+lmm on input line 9
2.
(/usr/local/texlive/2023/texmf-dist/tex/latex/lm/omllmm.fd
File: omllmm.fd 2015/05/01 v1.6.1 Font defs for Latin Modern
)
LaTeX Font Info:    Font shape `TU/latinmodern-math.otf(2)/m/n' will be
(Font)              scaled to size 12.0011pt on input line 92.
LaTeX Font Info:    Font shape `TU/latinmodern-math.otf(2)/m/n' will be
(Font)              scaled to size 8.00073pt on input line 92.
LaTeX Font Info:    Font shape `TU/latinmodern-math.otf(2)/m/n' will be
(Font)              scaled to size 6.00055pt on input line 92.
LaTeX Font Info:    Font shape `TU/latinmodern-math.otf(3)/m/n' will be
(Font)              scaled to size 11.99872pt on input line 92.
LaTeX Font Info:    Font shape `TU/latinmodern-math.otf(3)/m/n' will be
(Font)              scaled to size 7.99915pt on input line 92.
LaTeX Font Info:    Font shape `TU/latinmodern-math.otf(3)/m/n' will be
(Font)              scaled to size 5.99936pt on input line 92.
LaTeX Font Info:    Trying to load font information for U+msa on input line 92.

(/usr/local/texlive/2023/texmf-dist/tex/latex/amsfonts/umsa.fd
File: umsa.fd 2013/01/14 v3.01 AMS symbols A
) (/usr/local/texlive/2023/texmf-dist/tex/latex/microtype/mt-msa.cfg
File: mt-msa.cfg 2006/02/04 v1.1 microtype config. file: AMS symbols (a) (RS)
)
LaTeX Font Info:    Trying to load font information for U+msb on input line 92.

(/usr/local/texlive/2023/texmf-dist/tex/latex/amsfonts/umsb.fd
File: umsb.fd 2013/01/14 v3.01 AMS symbols B
) (/usr/local/texlive/2023/texmf-dist/tex/latex/microtype/mt-msb.cfg
File: mt-msb.cfg 2005/06/01 v1.0 microtype config. file: AMS symbols (b) (RS)
) [1


] [2

] (./Mind_Brain_Body.toc
LaTeX Font Info:    Font shape `TU/latinmodern-math.otf(1)/m/n' will be
(Font)              scaled to size 7.0pt on input line 3.
LaTeX Font Info:    Font shape `TU/latinmodern-math.otf(1)/m/n' will be
(Font)              scaled to size 5.0pt on input line 3.
LaTeX Font Info:    Font shape `TU/latinmodern-math.otf(2)/m/n' will be
(Font)              scaled to size 10.00092pt on input line 3.
LaTeX Font Info:    Font shape `TU/latinmodern-math.otf(2)/m/n' will be
(Font)              scaled to size 7.00064pt on input line 3.
LaTeX Font Info:    Font shape `TU/latinmodern-math.otf(2)/m/n' will be
(Font)              scaled to size 5.00046pt on input line 3.
LaTeX Font Info:    Font shape `TU/latinmodern-math.otf(3)/m/n' will be
(Font)              scaled to size 9.99893pt on input line 3.
LaTeX Font Info:    Font shape `TU/latinmodern-math.otf(3)/m/n' will be
(Font)              scaled to size 6.99925pt on input line 3.
LaTeX Font Info:    Font shape `TU/latinmodern-math.otf(3)/m/n' will be
(Font)              scaled to size 4.99947pt on input line 3.
[3])
\tf@toc=\write3
\openout3 = `Mind_Brain_Body.toc'.

[4]
Chapter 1.
File: images/index/banner.png Graphic file (type bmp)
<images/index/banner.png>
[5

] [6

]
Chapter 2.
[7] [8] [9] [10]
Underfull \vbox (badness 10000) has occurred while \output is active []

[11] [12] [13] [14] [15] [16]
File: images/information/measures/tasks/halloween/1.png Graphic file (type bmp)

<images/information/measures/tasks/halloween/1.png>
[17] [18] [19]
File: images/information/measures/tasks/disc_cond_ext/1.png Graphic file (type 
bmp)
<images/information/measures/tasks/disc_cond_ext/1.png>
File: images/information/measures/tasks/disc_cond_ext/2.png Graphic file (type 
bmp)
<images/information/measures/tasks/disc_cond_ext/2.png>
File: images/information/measures/tasks/disc_cond_ext/3.png Graphic file (type 
bmp)
<images/information/measures/tasks/disc_cond_ext/3.png>
File: images/information/measures/tasks/disc_cond_ext/4.png Graphic file (type 
bmp)
<images/information/measures/tasks/disc_cond_ext/4.png>

Underfull \hbox (badness 10000) in paragraph at lines 891--894
[][]
 []


Underfull \hbox (badness 10000) in paragraph at lines 891--894
[]
 []


Underfull \vbox (badness 4792) has occurred while \output is active []

[20]
Underfull \vbox (badness 10000) has occurred while \output is active []

[21]
File: images/information/measures/tasks/disc_cond_ext/5.png Graphic file (type 
bmp)
<images/information/measures/tasks/disc_cond_ext/5.png>
File: images/information/measures/tasks/disc_cond_ext/6.png Graphic file (type 
bmp)
<images/information/measures/tasks/disc_cond_ext/6.png>
[22] [23] [24] [25] [26] [27]
Overfull \hbox (2.43985pt too wide) in paragraph at lines 1216--1217
[]\TU/lmr/m/n/10 Description  
 []


Overfull \hbox (3.52985pt too wide) in paragraph at lines 1220--1221
[]\TU/lmr/m/n/10 Respondent  
 []


Overfull \hbox (5.82985pt too wide) in paragraph at lines 1228--1228
[]|\TU/lmr/m/n/10 Alexithymia|  
 []


Overfull \hbox (20.53986pt too wide) in paragraph at lines 1228--1228
\TU/lmr/m/n/10 health/affective 
 []


Overfull \hbox (25.88985pt too wide) in paragraph at lines 1228--1228
[]|\TU/lmr/m/n/10 Child/adolescent 
 []


Overfull \hbox (35.17986pt too wide) in paragraph at lines 1229--1229
\TU/lmr/m/n/10 dren’s/adolescent’s 
 []


Overfull \hbox (25.88985pt too wide) in paragraph at lines 1229--1229
[]|\TU/lmr/m/n/10 Child/adolescent 
 []


Overfull \hbox (25.88985pt too wide) in paragraph at lines 1230--1230
[]|\TU/lmr/m/n/10 Child/adolescent 
 []


Overfull \hbox (25.67986pt too wide) in paragraph at lines 1231--1231
\TU/lmr/m/n/10 dren/adolescents 
 []


Overfull \hbox (25.88985pt too wide) in paragraph at lines 1231--1231
[]|\TU/lmr/m/n/10 Child/adolescent 
 []


Overfull \hbox (25.88985pt too wide) in paragraph at lines 1232--1232
[]|\TU/lmr/m/n/10 Child/adolescent 
 []


Overfull \hbox (22.82985pt too wide) in paragraph at lines 1232--1232
\TU/lmr/m/n/10 child/adolescent 
 []


Overfull \hbox (25.88985pt too wide) in paragraph at lines 1232--1232
[]|\TU/lmr/m/n/10 Child/adolescent 
 []

[28] [29] [30]
Overfull \hbox (2.43985pt too wide) in paragraph at lines 1275--1276
[]\TU/lmr/m/n/10 Description  
 []


Overfull \hbox (3.52985pt too wide) in paragraph at lines 1279--1280
[]\TU/lmr/m/n/10 Respondent  
 []


Overfull \hbox (20.53986pt too wide) in paragraph at lines 1287--1287
\TU/lmr/m/n/10 health/affective 
 []


Overfull \hbox (28.26985pt too wide) in paragraph at lines 1288--1288
\TU/lmr/m/n/10 (covid_objective)|  
 []


Overfull \hbox (10.59985pt too wide) in paragraph at lines 1289--1289
\TU/lmr/m/n/10 rent/mortage 
 []


Overfull \hbox (10.94986pt too wide) in paragraph at lines 1289--1289
[]|\TU/lmr/m/n/10 (Jachimowicz 
 []


Overfull \hbox (3.50986pt too wide) in paragraph at lines 1290--1290
[]|\TU/lmr/m/n/10 Community 
 []


Overfull \hbox (10.94986pt too wide) in paragraph at lines 1290--1290
[]|\TU/lmr/m/n/10 (Jachimowicz 
 []

[31] [32]
Overfull \hbox (2.43985pt too wide) in paragraph at lines 1308--1309
[]\TU/lmr/m/n/10 Description  
 []


Overfull \hbox (3.52985pt too wide) in paragraph at lines 1312--1313
[]\TU/lmr/m/n/10 Respondent  
 []


Overfull \hbox (10.15985pt too wide) in paragraph at lines 1320--1320
[]|\TU/lmr/m/n/10 Demographic 
 []


Overfull \hbox (14.92986pt too wide) in paragraph at lines 1320--1320
[]|\TU/lmr/m/n/10 Demographics. 
 []


Overfull \hbox (36.53986pt too wide) in paragraph at lines 1320--1320
\TU/lmr/m/n/10 child’s/adolescent’s 
 []


Overfull \hbox (14.18985pt too wide) in paragraph at lines 1320--1320
\TU/lmr/m/n/10 race/ethnicity, 
 []


Overfull \hbox (22.82985pt too wide) in paragraph at lines 1324--1324
\TU/lmr/m/n/10 child/adolescent 
 []


Overfull \hbox (36.53986pt too wide) in paragraph at lines 1325--1325
\TU/lmr/m/n/10 child’s/adolescent’s 
 []


Overfull \hbox (20.53986pt too wide) in paragraph at lines 1326--1326
\TU/lmr/m/n/10 health/affective 
 []


Overfull \hbox (17.95985pt too wide) in paragraph at lines 1326--1326
\TU/lmr/m/n/10 ious/depressed, 
 []


Overfull \hbox (27.65985pt too wide) in paragraph at lines 1326--1326
\TU/lmr/m/n/10 drawn/depressed, 
 []


Overfull \hbox (3.90985pt too wide) in paragraph at lines 1328--1328
[]|\TU/lmr/m/n/10 Microbiome 
 []


Overfull \hbox (21.31985pt too wide) in paragraph at lines 1328--1328
\TU/lmr/m/n/10 (mb_metadata)|  
 []


Overfull \hbox (3.90985pt too wide) in paragraph at lines 1328--1328
[]|\TU/lmr/m/n/10 Microbiome 
 []


Overfull \hbox (22.82985pt too wide) in paragraph at lines 1328--1328
\TU/lmr/m/n/10 child/adolescent 
 []


Overfull \hbox (1.10985pt too wide) in paragraph at lines 1329--1329
[]|\TU/lmr/m/n/10 Medication 
 []


Overfull \hbox (8.52986pt too wide) in paragraph at lines 1329--1329
\TU/lmr/m/n/10 (med_check)|  
 []


Overfull \hbox (25.67986pt too wide) in paragraph at lines 1329--1329
\TU/lmr/m/n/10 dren/adolescents 
 []


Overfull \hbox (14.08986pt too wide) in paragraph at lines 1329--1329
\TU/lmr/m/n/10 says/analyses.|  
 []


Overfull \hbox (22.82985pt too wide) in paragraph at lines 1331--1331
\TU/lmr/m/n/10 child/adolescent 
 []


Overfull \hbox (29.81985pt too wide) in paragraph at lines 1332--1332
\TU/lmr/m/n/10 child/adolescent’s 
 []


Overfull \hbox (21.39986pt too wide) in paragraph at lines 1333--1333
\TU/lmr/m/n/10 (proxy)[children 
 []


Overfull \hbox (21.64986pt too wide) in paragraph at lines 1334--1334
\TU/lmr/m/n/10 (proxy)[adopted 
 []


Overfull \hbox (9.19986pt too wide) in paragraph at lines 1335--1335
[]|\TU/lmr/m/n/10 International 
 []


Overfull \hbox (21.64986pt too wide) in paragraph at lines 1335--1335
\TU/lmr/m/n/10 (proxy)[adopted 
 []


Overfull \hbox (1.51985pt too wide) in paragraph at lines 1337--1337
[]|\TU/lmr/m/n/10 (Developed 
 []


Overfull \hbox (28.26985pt too wide) in paragraph at lines 1338--1338
\TU/lmr/m/n/10 (covid_objective)|  
 []


Overfull \hbox (1.28986pt too wide) in paragraph at lines 1339--1339
\TU/lmr/m/n/10 ing_stress)|  
 []


Overfull \hbox (22.82985pt too wide) in paragraph at lines 1339--1339
\TU/lmr/m/n/10 child/adolescent 
 []


Overfull \hbox (38.08986pt too wide) in paragraph at lines 1339--1339
\TU/lmr/m/n/10 tional/demographic 
 []

[33] [34] [35] [36] [37] [38] [39] [40] [41] [42] [43] [44] [45] [46] [47] [48]

Overfull \hbox (46.45705pt too wide) in paragraph at lines 1376--1376
\TU/lmr/m/n/10 ten_response_parentself)|  
 []

[49] [50]
Chapter 3.

Underfull \hbox (badness 2158) in paragraph at lines 1455--1457
[]\TU/lmr/m/n/10 Create participant Box folder using MBB_template (delete blank

 []

[51

] [52] [53] [54] [55] [56]
File: images/redcap_screening/1.png Graphic file (type bmp)
<images/redcap_screening/1.png>

Overfull \hbox (236.20511pt too wide) in paragraph at lines 2076--2079
[]\TU/lmr/m/n/10 To screen a new participant click “Add / Edit Records” [] 
 []


Underfull \vbox (badness 3428) has occurred while \output is active []

[57]
File: images/redcap_screening/2.png Graphic file (type bmp)
<images/redcap_screening/2.png>

Overfull \hbox (56.16548pt too wide) in paragraph at lines 2096--2098
\TU/lmr/m/n/10 a new record [] 
 []


Underfull \vbox (badness 10000) has occurred while \output is active []

[58]
File: images/redcap_screening/3.png Graphic file (type bmp)
<images/redcap_screening/3.png>

Overfull \hbox (60.83553pt too wide) in paragraph at lines 2112--2114
\TU/lmr/m/n/10 quent contact [] 
 []

File: images/redcap_screening/4.png Graphic file (type bmp)
<images/redcap_screening/4.png>

Underfull \vbox (badness 10000) has occurred while \output is active []

[59]
File: images/redcap_screening/5.png Graphic file (type bmp)
<images/redcap_screening/5.png>

Underfull \hbox (badness 1454) in paragraph at lines 2139--2141
[]\TU/lmr/m/n/10 It is important to keep a record of all instances of contact
 []


Underfull \vbox (badness 10000) has occurred while \output is active []

[60]
File: images/redcap_screening/6.png Graphic file (type bmp)
<images/redcap_screening/6.png>

Overfull \hbox (159.38324pt too wide) in paragraph at lines 2143--2146
[]\TU/lmr/m/n/10 Click the screen_status radio button [] 
 []


Underfull \vbox (badness 10000) has occurred while \output is active []

[61]
File: images/redcap_screening/7.png Graphic file (type bmp)
<images/redcap_screening/7.png>

Overfull \hbox (24.18047pt too wide) in paragraph at lines 2178--2184
\TU/lmr/m/n/10 lists. []
 []

[62]
File: images/home_kit/1.jpeg Graphic file (type bmp)
<images/home_kit/1.jpeg>

Underfull \vbox (badness 10000) has occurred while \output is active []

[63] [64]
File: images/parent:child_obser/2.png Graphic file (type bmp)
<images/parent:child_obser/2.png>
[65] [66]
File: images/ksads/1.png Graphic file (type bmp)
<images/ksads/1.png>
File: images/ksads/2.png Graphic file (type bmp)
<images/ksads/2.png>
File: images/ksads/3.png Graphic file (type bmp)
<images/ksads/3.png>
[67] [68]
File: images/ksads/4.png Graphic file (type bmp)
<images/ksads/4.png>
File: images/ksads/5.png Graphic file (type bmp)
<images/ksads/5.png>

Overfull \hbox (74.77399pt too wide) in paragraph at lines 2510--2513
\TU/lmr/m/n/10 lect “Duplicate”. [] 
 []


Underfull \vbox (badness 10000) has occurred while \output is active []

[69] [70]
File: images/ksads/6.png Graphic file (type bmp)
<images/ksads/6.png>

Overfull \hbox (94.534pt too wide) in paragraph at lines 2515--2518
\TU/lmr/m/n/10 and select “Rename”. [] 
 []


Underfull \vbox (badness 10000) has occurred while \output is active []

[71] [72]
File: images/physiology/1.png Graphic file (type bmp)
<images/physiology/1.png>

LaTeX Warning: Float too large for page by 24.0366pt on input line 2581.

[73] [74] [75] [76] [77]
File: images/halloween/1.png Graphic file (type bmp)
<images/halloween/1.png>

Overfull \hbox (94.45494pt too wide) in paragraph at lines 2776--2779
\TU/lmr/m/n/10 path: Dropbox/BAB/Studies/Mind_Brain_Body/Tasks/Wave1/04_hallowe
en_pilot
 []

File: images/halloween/2.png Graphic file (type bmp)
<images/halloween/2.png>
File: images/halloween/3.png Graphic file (type bmp)
<images/halloween/3.png>
File: images/halloween/4.png Graphic file (type bmp)
<images/halloween/4.png>

Underfull \vbox (badness 10000) has occurred while \output is active []

[78]
Underfull \vbox (badness 1648) has occurred while \output is active []

[79]
File: images/halloween/5.png Graphic file (type bmp)
<images/halloween/5.png>

Overfull \hbox (187.6301pt too wide) in paragraph at lines 2817--2820
\TU/lmr/m/n/10 the participant is in the “night first” group. [] 
 []

File: images/halloween/6.png Graphic file (type bmp)
<images/halloween/6.png>
[80] [81] [82] [83]
Underfull \vbox (badness 2698) has occurred while \output is active []

[84] [85] [86] [87]
File: images/dbs/1.png Graphic file (type bmp)
<images/dbs/1.png>
File: images/dbs/2.png Graphic file (type bmp)
<images/dbs/2.png>
[88] [89]
File: images/dbs/3.jpeg Graphic file (type bmp)
<images/dbs/3.jpeg>
File: images/dbs/4.jpeg Graphic file (type bmp)
<images/dbs/4.jpeg>

Underfull \vbox (badness 10000) has occurred while \output is active []

[90]
File: images/dbs/5.jpeg Graphic file (type bmp)
<images/dbs/5.jpeg>
[91] [92] [93] [94]
Underfull \vbox (badness 4024) has occurred while \output is active []

[95]
Underfull \hbox (badness 1152) in paragraph at lines 3818--3820
[]\TU/lmr/m/n/10 Click File>Print then Save as PDF under the naming convention
 []

[96]
File: images/final_checklist/report_cards/1.png Graphic file (type bmp)
<images/final_checklist/report_cards/1.png>
File: images/final_checklist/report_cards/2.png Graphic file (type bmp)
<images/final_checklist/report_cards/2.png>
File: images/final_checklist/report_cards/3.png Graphic file (type bmp)
<images/final_checklist/report_cards/3.png>
File: images/final_checklist/report_cards/4.png Graphic file (type bmp)
<images/final_checklist/report_cards/4.png>
[97] [98] [99]
File: images/final_checklist/report_cards/5.png Graphic file (type bmp)
<images/final_checklist/report_cards/5.png>
File: images/final_checklist/report_cards/6.png Graphic file (type bmp)
<images/final_checklist/report_cards/6.png>
File: images/final_checklist/report_cards/7.png Graphic file (type bmp)
<images/final_checklist/report_cards/7.png>
[100] [101] [102] [103] [104]
Chapter 4.
[105

] [106]
Overfull \hbox (9.67334pt too wide) in paragraph at lines 4180--4181
[]\TU/lmr/bx/n/10 Remember that email templates need to be edited\TU/lmr/m/n/10
 (e.g. there
 []


Underfull \hbox (badness 2158) in paragraph at lines 4236--4238
[]\TU/lmr/m/n/10 Create participant Box folder using MBB_template (delete blank

 []

[107]
Underfull \vbox (badness 2698) has occurred while \output is active []

[108]
Underfull \vbox (badness 4686) has occurred while \output is active []

[109]
Overfull \hbox (254.19002pt too wide) in paragraph at lines 4515--4517
[]\TU/lmr/m/n/10 the files you attach to the emails are in BABLAB/Studies/Mind_
Brain_Body/Documents/Infographic_next_steps/Wave_1_online 
 []


Overfull \hbox (87.48001pt too wide) in paragraph at lines 4517--4519
[]\TU/lmr/m/n/10 consents are in BABLAB/Studies/Mind_Brain_Body/Documents/Conse
nts/Wave_1_online 
 []


Overfull \hbox (114.66pt too wide) in paragraph at lines 4519--4521
[]\TU/lmr/m/n/10 Research profiles are in BABLAB/Studies/Mind_Brain_Body/Docume
nts/Infographic_next_steps
 []

[110] [111] [112]
Underfull \hbox (badness 2875) in paragraph at lines 4781--4783
[]\TU/lmr/m/n/10 Parent-child observation (note recording via Zoom or participa
nt
 []

[113]
Overfull \hbox (17.67003pt too wide) in paragraph at lines 4899--4900
[]\TU/lmr/m/n/10 Walk through package to send back (check “mbb_online_package_c
hecklists”)
 []

[114] [115] [116]
Underfull \vbox (badness 10000) has occurred while \output is active []

[117]
File: images/redcap_screening/1.png Graphic file (type bmp)
<images/redcap_screening/1.png>

Overfull \hbox (236.20511pt too wide) in paragraph at lines 5242--5245
[]\TU/lmr/m/n/10 To screen a new participant click “Add / Edit Records” [] 
 []


Underfull \vbox (badness 10000) has occurred while \output is active []

[118]
File: images/redcap_screening/2.png Graphic file (type bmp)
<images/redcap_screening/2.png>

Overfull \hbox (56.16548pt too wide) in paragraph at lines 5262--5264
\TU/lmr/m/n/10 a new record [] 
 []


Underfull \vbox (badness 10000) has occurred while \output is active []

[119]
File: images/redcap_screening/3.png Graphic file (type bmp)
<images/redcap_screening/3.png>

Overfull \hbox (60.83553pt too wide) in paragraph at lines 5278--5280
\TU/lmr/m/n/10 quent contact [] 
 []

File: images/redcap_screening/4.png Graphic file (type bmp)
<images/redcap_screening/4.png>

Underfull \vbox (badness 10000) has occurred while \output is active []

[120]
File: images/redcap_screening/5.png Graphic file (type bmp)
<images/redcap_screening/5.png>

Underfull \hbox (badness 1454) in paragraph at lines 5307--5309
[]\TU/lmr/m/n/10 It is important to keep a record of all instances of contact
 []


Underfull \vbox (badness 10000) has occurred while \output is active []

[121]
File: images/redcap_screening/6.png Graphic file (type bmp)
<images/redcap_screening/6.png>

Overfull \hbox (159.38324pt too wide) in paragraph at lines 5311--5314
[]\TU/lmr/m/n/10 Click the screen_status radio button [] 
 []


Underfull \vbox (badness 10000) has occurred while \output is active []

[122]
File: images/redcap_screening/7.png Graphic file (type bmp)
<images/redcap_screening/7.png>
File: images/redcap_screening/8.png Graphic file (type bmp)
<images/redcap_screening/8.png>

Overfull \hbox (24.18047pt too wide) in paragraph at lines 5381--5388
\TU/lmr/m/n/10 lists. []
 []


Overfull \hbox (170.40681pt too wide) in paragraph at lines 5381--5388
\TU/lmr/m/n/10 1. Click on “Record Status Dashboard” []
 []


Underfull \vbox (badness 10000) has occurred while \output is active []

[123]
File: images/zoom_link/1.png Graphic file (type bmp)
<images/zoom_link/1.png>

Overfull \hbox (217.7984pt too wide) in paragraph at lines 5425--5427
[]\TU/lmr/m/n/10 Click to “Meetings” and “Schedule a new meeting” [] 
 []


Underfull \vbox (badness 10000) has occurred while \output is active []

[124]
File: images/zoom_link/2.png Graphic file (type bmp)
<images/zoom_link/2.png>

Overfull \hbox (70.0902pt too wide) in paragraph at lines 5427--5429
\TU/lmr/m/n/10 indicate 3 hours [] 
 []

File: images/zoom_link/3.png Graphic file (type bmp)
<images/zoom_link/3.png>

Overfull \hbox (237.56862pt too wide) in paragraph at lines 5429--5431
[]\TU/lmr/m/n/10 Set setting with password and turn host/participant on [] 
 []

File: images/zoom_link/4.png Graphic file (type bmp)
<images/zoom_link/4.png>

Overfull \hbox (234.7402pt too wide) in paragraph at lines 5431--5433
[]\TU/lmr/m/n/10 Save and click to add Zoom meeting to google calendar [] 
 []


Underfull \vbox (badness 10000) has occurred while \output is active []

[125]
File: images/zoom_link/5.png Graphic file (type bmp)
<images/zoom_link/5.png>

Overfull \hbox (157.79019pt too wide) in paragraph at lines 5433--5435
[]\TU/lmr/m/n/10 Click on the []$[] [] [] [] [] [] [] [] [] [] [] [] [] [] [] [
] [] [] [] [] []$[] [] 
 []

File: images/zoom_link/6.png Graphic file (type bmp)
<images/zoom_link/6.png>

Overfull \hbox (49.1602pt too wide) in paragraph at lines 5435--5437
[]\TU/lmr/m/n/10 Click allow [] 
 []


Underfull \vbox (badness 10000) has occurred while \output is active []

[126]
File: images/zoom_link/7.png Graphic file (type bmp)
<images/zoom_link/7.png>

Overfull \hbox (248.4102pt too wide) in paragraph at lines 5437--5439
[]\TU/lmr/m/n/10 Copy the Zoom link from the Description section and save [] 
 []

[127]
File: images/zoom_security/1.png Graphic file (type bmp)
<images/zoom_security/1.png>

Overfull \hbox (128.4102pt too wide) in paragraph at lines 5497--5498
\TU/lmr/m/n/10 and all other items unchecked [] 
 []


Underfull \vbox (badness 10000) has occurred while \output is active []

[128]
File: images/zoom_security/2.png Graphic file (type bmp)
<images/zoom_security/2.png>

Overfull \hbox (72.66336pt too wide) in paragraph at lines 5518--5520
\TU/lmr/m/n/10 sharing options” [] 
 []

File: images/zoom_security/3.png Graphic file (type bmp)
<images/zoom_security/3.png>

Overfull \hbox (51.73718pt too wide) in paragraph at lines 5520--5521
\TU/lmr/m/n/10 are selected [] 
 []


Underfull \vbox (badness 10000) has occurred while \output is active []

[129]
File: images/gorilla/1.png Graphic file (type bmp)
<images/gorilla/1.png>
File: images/gorilla/2.png Graphic file (type bmp)
<images/gorilla/2.png>
File: images/gorilla/3.png Graphic file (type bmp)
<images/gorilla/3.png>
File: images/gorilla/4.png Graphic file (type bmp)
<images/gorilla/4.png>
File: images/gorilla/5.png Graphic file (type bmp)
<images/gorilla/5.png>
[130] [131] [132] [133] [134]
File: images/zoom_parent_child_interaction/1.png Graphic file (type bmp)
<images/zoom_parent_child_interaction/1.png>

Underfull \hbox (badness 1859) in paragraph at lines 5677--5678
[]\TU/lmr/m/n/10 [Researcher will rename the participant’s name to “P” for part
icipant.
 []

[135] [136] [137]
File: images/zoom_parent_child_interaction/3.png Graphic file (type bmp)
<images/zoom_parent_child_interaction/3.png>
File: images/zoom_parent_child_interaction/4.png Graphic file (type bmp)
<images/zoom_parent_child_interaction/4.png>

Underfull \hbox (badness 10000) in paragraph at lines 5723--5728
[]
 []


Underfull \hbox (badness 10000) in paragraph at lines 5723--5728
[]
 []


Underfull \vbox (badness 10000) has occurred while \output is active []

[138]
File: images/zoom_parent_child_interaction/5.png Graphic file (type bmp)
<images/zoom_parent_child_interaction/5.png>
File: images/zoom_parent_child_interaction/6.png Graphic file (type bmp)
<images/zoom_parent_child_interaction/6.png>

Underfull \hbox (badness 10000) in paragraph at lines 5742--5744
[]
 []


Underfull \hbox (badness 2726) in paragraph at lines 5742--5744
\TU/lmr/m/n/10 You will view this notification in the upper right hand corner t
hat
 []

[139] [140]
File: images/halloween/7.png Graphic file (type bmp)
<images/halloween/7.png>
[141] [142] [143] [144] [145] [146] [147] [148] [149]
File: images/zoom_screenshare/1.png Graphic file (type bmp)
<images/zoom_screenshare/1.png>

Overfull \hbox (218.74222pt too wide) in paragraph at lines 6180--6182
[]\TU/lmr/m/n/10 On Zoom, click “share screen” with the participant [] 
 []

File: images/zoom_screenshare/2.png Graphic file (type bmp)
<images/zoom_screenshare/2.png>

Underfull \vbox (badness 10000) has occurred while \output is active []

[150] [151] [152]
File: images/zoom_parent_child_interaction/7.png Graphic file (type bmp)
<images/zoom_parent_child_interaction/7.png>
File: images/zoom_parent_child_interaction/8.png Graphic file (type bmp)
<images/zoom_parent_child_interaction/8.png>
File: images/zoom_parent_child_interaction/9.png Graphic file (type bmp)
<images/zoom_parent_child_interaction/9.png>

Overfull \hbox (57.39716pt too wide) in paragraph at lines 6322--6326
\TU/lmr/m/n/10 the meeting. []
 []


Overfull \hbox (172.83986pt too wide) in paragraph at lines 6322--6326
\TU/lmr/m/n/10 converted and saving to your computer. []
 []


Overfull \hbox (96.47247pt too wide) in paragraph at lines 6322--6326
\TU/lmr/m/n/10 ing directory is saved. [] 
 []


Underfull \vbox (badness 10000) has occurred while \output is active []

[153]
Underfull \vbox (badness 10000) has occurred while \output is active []

[154]
File: images/zoom_parent_child_interaction/12.png Graphic file (type bmp)
<images/zoom_parent_child_interaction/12.png>

Overfull \hbox (30.2066pt too wide) in paragraph at lines 6327--6328
\TU/lmr/m/n/10 tured. [] 
 []

File: images/zoom_parent_child_interaction/10.png Graphic file (type bmp)
<images/zoom_parent_child_interaction/10.png>
File: images/zoom_parent_child_interaction/11.png Graphic file (type bmp)
<images/zoom_parent_child_interaction/11.png>

Overfull \hbox (260.035pt too wide) in paragraph at lines 6329--6335
\TU/lmr/m/n/10 Step 5: Save files to box in Box/BABLAB/Studies/Mind_Brain_Body/
Data/Wave_X/Wave_X_parent_child_interactions/MBB_2_999 
 []


Underfull \vbox (badness 10000) has occurred while \output is active []

[155]
File: images/gorilla/6.png Graphic file (type bmp)
<images/gorilla/6.png>
[156]
File: images/gorilla/7.png Graphic file (type bmp)
<images/gorilla/7.png>
File: images/gorilla/8.png Graphic file (type bmp)
<images/gorilla/8.png>
File: images/gorilla/9.png Graphic file (type bmp)
<images/gorilla/9.png>

Underfull \vbox (badness 3407) has occurred while \output is active []

[157] [158] [159] [160] [161] [162] [163]
Underfull \vbox (badness 3792) has occurred while \output is active []

[164] [165]
Overfull \hbox (169.61343pt too wide) in paragraph at lines 6833--6834
\TU/lmr/bx/n/10 The folder for Box uploads is in BABLAB/Studies/Mind_Brain_Body
/Data/Wave_1_online/Uploads
 []

File: images/audits/1.png Graphic file (type bmp)
<images/audits/1.png>
[166]
File: images/audits/3.png Graphic file (type bmp)
<images/audits/3.png>
File: images/audits/4.png Graphic file (type bmp)
<images/audits/4.png>
File: images/audits/5.png Graphic file (type bmp)
<images/audits/5.png>
File: images/audits/4.png Graphic file (type bmp)
<images/audits/4.png>
File: images/redcap_code/1.png Graphic file (type bmp)
<images/redcap_code/1.png>
File: images/redcap_code/2.png Graphic file (type bmp)
<images/redcap_code/2.png>
File: images/redcap_code/3.png Graphic file (type bmp)
<images/redcap_code/3.png>
File: images/redcap_code/4.png Graphic file (type bmp)
<images/redcap_code/4.png>
File: images/redcap_code/5.png Graphic file (type bmp)
<images/redcap_code/5.png>
[167]
Underfull \vbox (badness 10000) has occurred while \output is active []

[168] [169] [170] [171] [172] [173] [174]
Overfull \hbox (275.45pt too wide) in paragraph at lines 7044--7045
\TU/lmr/m/n/10 Scored Cbcl data for the report cards can be found in BABLAB/Stu
dies/Mind_Brain_Body/Scripts/Wave_1/Data_scoring/Cbcl/cbcl_scored 
 []


Overfull \hbox (188.8967pt too wide) in paragraph at lines 7053--7054
\TU/lmr/bx/n/10 with desktop Box \TU/lmr/m/n/10 BABLAB/Studies/Mind_Brain_Body/
Scripts/Wave_1/Data_scoring/Cbcl/cbcl_scoring.Rmd 
 []

File: images/report_card_online/7.png Graphic file (type bmp)
<images/report_card_online/7.png>
File: images/report_card_online/8.png Graphic file (type bmp)
<images/report_card_online/8.png>

Underfull \hbox (badness 1354) in paragraph at lines 7067--7069
[]\TU/lmr/m/n/10 Change the line with file name so it has the most updated file
.
 []

[175]
File: images/report_card_online/9.png Graphic file (type bmp)
<images/report_card_online/9.png>

Overfull \hbox (62.97pt too wide) in paragraph at lines 7071--7073
[]\TU/lmr/m/n/10 3.1 To access the raw data file name go to BABLAB/Studies/Mind
_Brain_Body/Scripts/Data
 []


Overfull \hbox (130.84915pt too wide) in paragraph at lines 7071--7073
\TU/lmr/m/n/10 and look for most recent date. [] 
 []

File: images/report_card_online/8.png Graphic file (type bmp)
<images/report_card_online/8.png>

Overfull \hbox (98.4861pt too wide) in paragraph at lines 7086--7088
\TU/lmr/m/it/10 loaded in your RStudio [] 
 []


Underfull \vbox (badness 10000) has occurred while \output is active []

[176]
Overfull \hbox (193.84999pt too wide) in paragraph at lines 7097--7098
[]\TU/lmr/m/n/10 Open a participant data folder - BABLAB/Studies/Mind_Brain_Bod
y/Data/Wave_1_online/Wave_1_online_data/ 
 []

File: images/report_card_online/1.png Graphic file (type bmp)
<images/report_card_online/1.png>
File: images/report_card_online/2.png Graphic file (type bmp)
<images/report_card_online/2.png>
[177]
File: images/report_card_online/3.png Graphic file (type bmp)
<images/report_card_online/3.png>
File: images/report_card_online/10.png Graphic file (type bmp)
<images/report_card_online/10.png>

Overfull \hbox (192.48003pt too wide) in paragraph at lines 7139--7141
\TU/lmr/m/n/10 “Cbcl_scored.csv” which can be found in BABLAB/Studies/Mind_Brai
n_Body/Scripts/Wave_1/Data_scoring/Cbcl
 []


Underfull \vbox (badness 2393) has occurred while \output is active []

[178] [179]
File: images/report_card_online/11.png Graphic file (type bmp)
<images/report_card_online/11.png>

Underfull \hbox (badness 2990) in paragraph at lines 7149--7152
[]\TU/lmr/m/n/10 You can freeze the first row of the data by going to Layout
 []


Underfull \hbox (badness 3039) in paragraph at lines 7149--7152
\TU/lmr/m/n/10 tab and then the Window section. Click on freeze first row
 []

File: images/report_card_online/12.png Graphic file (type bmp)
<images/report_card_online/12.png>
File: images/report_card_online/4.png Graphic file (type bmp)
<images/report_card_online/4.png>

Overfull \hbox (239.46463pt too wide) in paragraph at lines 7165--7168
[]\TU/lmr/m/n/10 After you have entered the data, it should look like this: [] 

 []


Underfull \vbox (badness 10000) has occurred while \output is active []

[180]
File: images/report_card_online/5.png Graphic file (type bmp)
<images/report_card_online/5.png>

Overfull \hbox (183.60107pt too wide) in paragraph at lines 7176--7178
[]\TU/lmr/m/n/10 If there are no comments, delete this page. [] 
 []


Underfull \vbox (badness 10000) has occurred while \output is active []

[181]
File: images/report_card_online/6.png Graphic file (type bmp)
<images/report_card_online/6.png>
[182] [183]
Overfull \hbox (90.69998pt too wide) in paragraph at lines 7221--7223
[]\TU/lmr/m/n/10 certificate is in BABLAB/Studies/Mind_Brain_Body/Payment/Wave_
1/Wave_1_print 
 []


Overfull \hbox (116.54999pt too wide) in paragraph at lines 7235--7236
[]\TU/lmr/m/n/10 thank you letter is in BABLAB/Studies/Mind_Brain_Body/Payment/
Wave_1/Wave_1_print 
 []

[184]
File: images/payment/a.png Graphic file (type bmp)
<images/payment/a.png>
File: images/payment/b.png Graphic file (type bmp)
<images/payment/b.png>

Overfull \hbox (248.76pt too wide) in paragraph at lines 7380--7381
[]\TU/lmr/m/n/10 gift card codes are under last name of caregiver in BABLAB/Stu
dies/Mind_Brain_Body/Payment/Wave_1/Gift_card_codes 
 []

[185] [186]
Chapter 5.
[187

] [188]
Chapter 6.

Underfull \hbox (badness 10000) in paragraph at lines 7455--7457

 []

[189

]
Underfull \hbox (badness 10000) in paragraph at lines 7482--7484

 []


Underfull \hbox (badness 10000) in paragraph at lines 7486--7488

 []


Underfull \hbox (badness 10000) in paragraph at lines 7488--7490

 []


Underfull \hbox (badness 10000) in paragraph at lines 7508--7510

 []


Underfull \hbox (badness 10000) in paragraph at lines 7539--7541

 []

[190]
Underfull \hbox (badness 10000) in paragraph at lines 7562--7564

 []

[191]
Underfull \hbox (badness 10000) in paragraph at lines 7665--7667

 []


Underfull \hbox (badness 10000) in paragraph at lines 7726--7728

 []


Underfull \hbox (badness 10000) in paragraph at lines 7736--7738

 []


Underfull \hbox (badness 10000) in paragraph at lines 7740--7741

 []

[192]
Underfull \hbox (badness 10000) in paragraph at lines 7808--7810

 []


Underfull \hbox (badness 10000) in paragraph at lines 7810--7812

 []


Underfull \hbox (badness 10000) in paragraph at lines 7823--7825

 []

[193]
Underfull \hbox (badness 10000) in paragraph at lines 7874--7876

 []


Underfull \hbox (badness 10000) in paragraph at lines 7944--7946

 []

[194]
Underfull \hbox (badness 10000) in paragraph at lines 7952--7954

 []

[195]
Underfull \hbox (badness 10000) in paragraph at lines 8030--8032

 []

[196]
Underfull \hbox (badness 2875) in paragraph at lines 8134--8136
[]\TU/lmr/m/n/10 Parent-child observation (note recording via Zoom or participa
nt
 []


Underfull \vbox (badness 6842) has occurred while \output is active []

[197]
Underfull \hbox (badness 10000) in paragraph at lines 8252--8254

 []

[198]
Overfull \hbox (17.67003pt too wide) in paragraph at lines 8262--8263
[]\TU/lmr/m/n/10 Walk through package to send back (check “mbb_online_package_c
hecklists”)
 []

[199] [200]
Underfull \hbox (badness 10000) in paragraph at lines 8473--8475

 []


Underfull \hbox (badness 10000) in paragraph at lines 8503--8505

 []


Underfull \hbox (badness 10000) in paragraph at lines 8505--8507

 []


Underfull \hbox (badness 10000) in paragraph at lines 8507--8509

 []


Underfull \hbox (badness 10000) in paragraph at lines 8509--8511

 []


Underfull \hbox (badness 10000) in paragraph at lines 8511--8513

 []


Underfull \hbox (badness 10000) in paragraph at lines 8513--8515

 []


Underfull \hbox (badness 10000) in paragraph at lines 8515--8517

 []

[201] [202] [203]
Underfull \vbox (badness 10000) has occurred while \output is active []

[204]
Underfull \hbox (badness 10000) in paragraph at lines 8695--8697

 []


Overfull \hbox (137.95001pt too wide) in paragraph at lines 8725--8727
[]\TU/lmr/m/n/10 Navigate to Box (BABLAB>Studies>Mind_Brain_Body>ID_drive>MBB_a
sa_usernames_passwords) 
 []

[205] [206] [207] [208] [209] [210] [211] [212] [213] [214] [215] [216] [217] [
218] [219] [220] [221] [222]
Overfull \hbox (204.76pt too wide) in paragraph at lines 9445--9446
\TU/lmr/m/n/10 files to box in Box/BABLAB/Studies/Mind_Brain_Body/Data/Wave_X/W
ave_X_parent_child_interactions/MBB_2_999 
 []

[223] [224] [225] [226] [227] [228]
Underfull \hbox (badness 1152) in paragraph at lines 9746--9748
[]\TU/lmr/m/n/10 Click File>Print then Save as PDF under the naming convention
 []

[229]
Underfull \hbox (badness 10000) in paragraph at lines 9798--9800

 []

[230]
Underfull \hbox (badness 10000) in paragraph at lines 9877--9879

 []

[231] [232]
Underfull \hbox (badness 10000) in paragraph at lines 10008--10010

 []

[233]
Underfull \hbox (badness 10000) in paragraph at lines 10010--10012

 []

[234]
Underfull \vbox (badness 3547) has occurred while \output is active []

[235]
Underfull \hbox (badness 10000) in paragraph at lines 10155--10157

 []

[236]
Overfull \hbox (169.61343pt too wide) in paragraph at lines 10221--10222
\TU/lmr/bx/n/10 The folder for Box uploads is in BABLAB/Studies/Mind_Brain_Body
/Data/Wave_1_online/Uploads
 []

[237]
Underfull \hbox (badness 10000) in paragraph at lines 10282--10284

 []


Underfull \hbox (badness 10000) in paragraph at lines 10284--10286

 []


Underfull \hbox (badness 10000) in paragraph at lines 10286--10288

 []


Underfull \hbox (badness 10000) in paragraph at lines 10288--10290

 []


Underfull \hbox (badness 10000) in paragraph at lines 10290--10292

 []


Overfull \hbox (275.45pt too wide) in paragraph at lines 10302--10303
\TU/lmr/m/n/10 Scored Cbcl data for the report cards can be found in BABLAB/Stu
dies/Mind_Brain_Body/Scripts/Wave_2/Data_scoring/Cbcl/cbcl_scored 
 []


Overfull \hbox (188.8967pt too wide) in paragraph at lines 10311--10313
\TU/lmr/bx/n/10 with desktop Box \TU/lmr/m/n/10 BABLAB/Studies/Mind_Brain_Body/
Scripts/Wave_2/Data_scoring/Cbcl/cbcl_scoring.Rmd 
 []

File: images/report_card_online/8.png Graphic file (type bmp)
<images/report_card_online/8.png>

Underfull \hbox (badness 1354) in paragraph at lines 10313--10315
[]\TU/lmr/m/n/10 Change the line with file name so it has the most updated file
.
 []

[238]
File: images/report_card_online/9.png Graphic file (type bmp)
<images/report_card_online/9.png>

Overfull \hbox (62.97pt too wide) in paragraph at lines 10317--10319
[]\TU/lmr/m/n/10 3.1 To access the raw data file name go to BABLAB/Studies/Mind
_Brain_Body/Scripts/Data
 []


Overfull \hbox (130.84915pt too wide) in paragraph at lines 10317--10319
\TU/lmr/m/n/10 and look for most recent date. [] 
 []

File: images/report_card_online/8.png Graphic file (type bmp)
<images/report_card_online/8.png>

Overfull \hbox (98.4861pt too wide) in paragraph at lines 10332--10334
\TU/lmr/m/it/10 loaded in your RStudio [] 
 []


Underfull \vbox (badness 10000) has occurred while \output is active []

[239]
Overfull \hbox (123.11pt too wide) in paragraph at lines 10342--10344
[]\TU/lmr/m/n/10 Open a participant data folder - BABLAB/Studies/Mind_Brain_Bod
y/Data/Wave_2/Wave_2_data 
 []

File: images/report_card_online/2.png Graphic file (type bmp)
<images/report_card_online/2.png>
File: images/report_card_online/3.png Graphic file (type bmp)
<images/report_card_online/3.png>

Overfull \hbox (192.48003pt too wide) in paragraph at lines 10372--10373
\TU/lmr/m/n/10 “Cbcl_scored.csv” which can be found in BABLAB/Studies/Mind_Brai
n_Body/Scripts/Wave_2/Data_scoring/Cbcl 
 []

[240] [241]
File: images/report_card_online/11.png Graphic file (type bmp)
<images/report_card_online/11.png>

Underfull \hbox (badness 2990) in paragraph at lines 10381--10384
[]\TU/lmr/m/n/10 You can freeze the first row of the data by going to Layout
 []


Underfull \hbox (badness 3039) in paragraph at lines 10381--10384
\TU/lmr/m/n/10 tab and then the Window section. Click on freeze first row
 []

File: images/report_card_online/12.png Graphic file (type bmp)
<images/report_card_online/12.png>
File: images/report_card_online/4.png Graphic file (type bmp)
<images/report_card_online/4.png>

Overfull \hbox (239.46463pt too wide) in paragraph at lines 10397--10400
[]\TU/lmr/m/n/10 After you have entered the data, it should look like this: [] 

 []


Underfull \vbox (badness 10000) has occurred while \output is active []

[242]
File: images/report_card_online/5.png Graphic file (type bmp)
<images/report_card_online/5.png>

Overfull \hbox (183.60107pt too wide) in paragraph at lines 10408--10410
[]\TU/lmr/m/n/10 If there are no comments, delete this page. [] 
 []


Underfull \vbox (badness 10000) has occurred while \output is active []

[243]
File: images/report_card_online/6.png Graphic file (type bmp)
<images/report_card_online/6.png>
[244] [245]
Overfull \hbox (90.69998pt too wide) in paragraph at lines 10453--10455
[]\TU/lmr/m/n/10 certificate is in BABLAB/Studies/Mind_Brain_Body/Payment/Wave_
2/Wave_2_print 
 []


Overfull \hbox (116.54999pt too wide) in paragraph at lines 10467--10468
[]\TU/lmr/m/n/10 thank you letter is in BABLAB/Studies/Mind_Brain_Body/Payment/
Wave_2/Wave_2_print 
 []

[246]
File: images/payment/a.png Graphic file (type bmp)
<images/payment/a.png>
File: images/payment/b.png Graphic file (type bmp)
<images/payment/b.png>

Overfull \hbox (248.76pt too wide) in paragraph at lines 10572--10573
[]\TU/lmr/m/n/10 gift card codes are under last name of caregiver in BABLAB/Stu
dies/Mind_Brain_Body/Payment/Wave_2/Gift_card_codes 
 []

[247] [248]
Chapter 7.
[249

]
File: images/zoom_parent_child_interaction/13.png Graphic file (type bmp)
<images/zoom_parent_child_interaction/13.png>

Overfull \hbox (408.57002pt too wide) in paragraph at lines 10629--10630
[]\TU/lmr/m/n/10 The video will appear to the researchers in our Box under BABL
AB/Studies/Mind_Brain_Body/Data/Wave_1_online/Wave_1_online_parent_child_intera
ctions/Uploads 
 []

File: images/troubleshooting/1.png Graphic file (type bmp)
<images/troubleshooting/1.png>
[250] [251] [252

]
Chapter 8.
File: images/branch_logic/1.png Graphic file (type bmp)
<images/branch_logic/1.png>
[253]
Overfull \hbox (48.75pt too wide) in paragraph at lines 10699--10699
[]\TU/lmtt/m/n/10 - box for the outer later of styrofoam – tyler or recycling b
in or purchase[] 
 []


Overfull \hbox (122.25pt too wide) in paragraph at lines 10699--10699
[]\TU/lmtt/m/n/10 - class 9 label for dry ice - black and white diamond - obtai
n from dry ice dept or tyler[] 
 []

[254] (./Mind_Brain_Body.bbl [255] [256

] [257] [258] [259]) [260] (./Mind_Brain_Body.aux) ) 
Here is how much of TeX's memory you used:
 20257 strings out of 476683
 386914 string characters out of 5804047
 1906018 words of memory out of 5000000
 40183 multiletter control sequences out of 15000+600000
 518754 words of font info for 87 fonts, out of 8000000 for 9000
 1348 hyphenation exceptions out of 8191
 86i,7n,121p,1605b,557s stack positions out of 10000i,1000n,20000p,200000b,200000s

Output written on Mind_Brain_Body.pdf (260 pages).
